<?xml version="1.0" encoding="UTF-8"?>
<!-- Generated by org.testng.reporters.JUnitXMLReporter -->
<testsuite hostname="DESKTOP-6QJKN6Q" ignored="0" name="TestOnChrome" tests="3" failures="0" timestamp="2020-06-17T22:39:38 GST" time="62.708" errors="0">
  <testcase name="testProduct" time="16.343" classname="ShoppingMall.addProduct"/>
  <testcase name="addNewProduct" time="7.009" classname="ShoppingMall.addProduct"/>
  <testcase name="verifyAdminUsers" time="1.072" classname="ShoppingMall.addProduct"/>
</testsuite> <!-- TestOnChrome -->
