<?xml version="1.0" encoding="UTF-8"?>
<!-- Generated by org.testng.reporters.JUnitXMLReporter -->
<testsuite hostname="DESKTOP-6QJKN6Q" ignored="0" name="Command line test" tests="3" failures="0" timestamp="2020-06-17T21:14:28 GST" time="41.419" errors="0">
  <testcase name="changeProductPrice" time="0.002" classname="ShoppingMall.addProduct"/>
  <testcase name="testProduct" time="15.428" classname="ShoppingMall.addProduct"/>
  <testcase name="addNewProduct" time="18.21" classname="ShoppingMall.addProduct"/>
</testsuite> <!-- Command line test -->
