<?xml version="1.0" encoding="UTF-8"?>
<testng-results skipped="0" failed="0" ignored="0" total="1" passed="1">
  <reporter-output>
  </reporter-output>
  <suite name="testNGdemo.Owner_Registration_TestNG" duration-ms="39998" started-at="2020-06-06T18:30:26 GST" finished-at="2020-06-06T18:31:06 GST">
    <groups>
    </groups>
    <test name="Command line test" duration-ms="39998" started-at="2020-06-06T18:30:26 GST" finished-at="2020-06-06T18:31:06 GST">
      <class name="testNGdemo.Owner_Registration_TestNG">
        <test-method status="PASS" signature="setUpTest()[pri:0, instance:testNGdemo.Owner_Registration_TestNG@4dfa3a9d]" name="setUpTest" is-config="true" duration-ms="5690" started-at="2020-06-06T18:30:26 GST" finished-at="2020-06-06T18:30:32 GST">
          <reporter-output>
          </reporter-output>
        </test-method> <!-- setUpTest -->
        <test-method status="PASS" signature="testStep()[pri:0, instance:testNGdemo.Owner_Registration_TestNG@4dfa3a9d]" name="testStep" duration-ms="30054" started-at="2020-06-06T18:30:32 GST" finished-at="2020-06-06T18:31:02 GST">
          <reporter-output>
          </reporter-output>
        </test-method> <!-- testStep -->
        <test-method status="PASS" signature="tearDownTest()[pri:0, instance:testNGdemo.Owner_Registration_TestNG@4dfa3a9d]" name="tearDownTest" is-config="true" duration-ms="4197" started-at="2020-06-06T18:31:02 GST" finished-at="2020-06-06T18:31:06 GST">
          <reporter-output>
          </reporter-output>
        </test-method> <!-- tearDownTest -->
      </class> <!-- testNGdemo.Owner_Registration_TestNG -->
    </test> <!-- Command line test -->
  </suite> <!-- testNGdemo.Owner_Registration_TestNG -->
</testng-results>
