<?xml version="1.0" encoding="UTF-8"?>
<testng-results skipped="0" failed="0" ignored="0" total="3" passed="3">
  <reporter-output>
  </reporter-output>
  <suite name="ShoppingMall.addProduct" duration-ms="41419" started-at="2020-06-17T21:13:47 GST" finished-at="2020-06-17T21:14:28 GST">
    <groups>
    </groups>
    <test name="Command line test" duration-ms="41419" started-at="2020-06-17T21:13:47 GST" finished-at="2020-06-17T21:14:28 GST">
      <class name="ShoppingMall.addProduct">
        <test-method status="PASS" signature="setUpTest()[pri:0, instance:ShoppingMall.addProduct@6500df86]" name="setUpTest" is-config="true" duration-ms="7714" started-at="2020-06-17T21:13:47 GST" finished-at="2020-06-17T21:13:55 GST">
          <reporter-output>
          </reporter-output>
        </test-method> <!-- setUpTest -->
        <test-method status="PASS" signature="changeProductPrice()[pri:0, instance:ShoppingMall.addProduct@6500df86]" name="changeProductPrice" duration-ms="2" started-at="2020-06-17T21:13:55 GST" finished-at="2020-06-17T21:13:55 GST">
          <reporter-output>
          </reporter-output>
        </test-method> <!-- changeProductPrice -->
        <test-method status="PASS" signature="testProduct()[pri:1, instance:ShoppingMall.addProduct@6500df86]" name="testProduct" duration-ms="15428" started-at="2020-06-17T21:13:55 GST" finished-at="2020-06-17T21:14:10 GST">
          <reporter-output>
          </reporter-output>
        </test-method> <!-- testProduct -->
        <test-method status="PASS" signature="addNewProduct()[pri:2, instance:ShoppingMall.addProduct@6500df86]" name="addNewProduct" duration-ms="18210" started-at="2020-06-17T21:14:10 GST" finished-at="2020-06-17T21:14:28 GST">
          <reporter-output>
          </reporter-output>
        </test-method> <!-- addNewProduct -->
        <test-method status="PASS" signature="tearDown()[pri:0, instance:ShoppingMall.addProduct@6500df86]" name="tearDown" is-config="true" duration-ms="0" started-at="2020-06-17T21:14:28 GST" finished-at="2020-06-17T21:14:28 GST">
          <reporter-output>
          </reporter-output>
        </test-method> <!-- tearDown -->
      </class> <!-- ShoppingMall.addProduct -->
    </test> <!-- Command line test -->
  </suite> <!-- ShoppingMall.addProduct -->
</testng-results>
