<?xml version="1.0" encoding="UTF-8"?>
<testng-results skipped="0" failed="0" ignored="0" total="1" passed="1">
  <reporter-output>
  </reporter-output>
  <suite name="Default suite" duration-ms="21102" started-at="2020-06-16T08:16:24 GST" finished-at="2020-06-16T08:16:45 GST">
    <groups>
    </groups>
    <test name="Default test" duration-ms="21102" started-at="2020-06-16T08:16:24 GST" finished-at="2020-06-16T08:16:45 GST">
      <class name="testNGdemo.Owner_Registration_TestNG">
        <test-method status="PASS" signature="setUpTest()[pri:0, instance:testNGdemo.Owner_Registration_TestNG@d44fc21]" name="setUpTest" is-config="true" duration-ms="5516" started-at="2020-06-16T08:16:18 GST" finished-at="2020-06-16T08:16:24 GST">
          <reporter-output>
          </reporter-output>
        </test-method> <!-- setUpTest -->
        <test-method status="PASS" signature="verifyLoginPage()[pri:0, instance:testNGdemo.Owner_Registration_TestNG@d44fc21]" name="verifyLoginPage" duration-ms="21035" started-at="2020-06-16T08:16:24 GST" finished-at="2020-06-16T08:16:45 GST">
          <reporter-output>
          </reporter-output>
        </test-method> <!-- verifyLoginPage -->
        <test-method status="PASS" signature="tearDownTest()[pri:0, instance:testNGdemo.Owner_Registration_TestNG@d44fc21]" name="tearDownTest" is-config="true" duration-ms="1955" started-at="2020-06-16T08:16:45 GST" finished-at="2020-06-16T08:16:47 GST">
          <reporter-output>
          </reporter-output>
        </test-method> <!-- tearDownTest -->
      </class> <!-- testNGdemo.Owner_Registration_TestNG -->
    </test> <!-- Default test -->
  </suite> <!-- Default suite -->
</testng-results>
